14:30:51.556 [main                     ] DEBUG Logger               - Configured Logger
14:30:51.588 [main                     ] DEBUG GameApplication      - Logging settings
Title: Untitled
Version: 0.0
Width: 800
Height: 600
Fullscreen: false
Intro: false
Profiling: false
Single step:false
App Mode: DEVELOPER
Menu Key: ESCAPE
Stage Style: DECORATED
Scene Factory: class com.almasb.fxgl.app.scene.SceneFactory

14:30:53.457 [JavaFX Application Thread] DEBUG FXGLApplication      - Initializing FXGL
14:30:53.459 [JavaFX Application Thread] INFO  Engine               - FXGL-11.12 (11.12.2020 08.51) on WINDOWS (J:11.0.12 FX:15)
14:30:53.459 [JavaFX Application Thread] DEBUG Engine               - JRE Vendor Name: Amazon.com Inc.
14:30:53.460 [JavaFX Application Thread] DEBUG Engine               - Running on OS: Windows 10 version 10.0
14:30:53.460 [JavaFX Application Thread] DEBUG Engine               - Architecture: amd64
14:30:53.460 [JavaFX Application Thread] INFO  Engine               - Source code and latest versions at: https://github.com/AlmasB/FXGL
14:30:53.460 [JavaFX Application Thread] INFO  Engine               -              Join the FXGL chat at: https://gitter.im/AlmasB/FXGL
14:30:53.608 [JavaFX Application Thread] DEBUG MainWindow           - Creating a JavaFX scene
14:30:53.693 [JavaFX Application Thread] DEBUG MainWindow           - Target settings size: 800.0 x 600.0
14:30:53.693 [JavaFX Application Thread] DEBUG MainWindow           - Scaled scene size:    800.0 x 600.0
14:30:53.694 [JavaFX Application Thread] DEBUG MainWindow           - Scaled ratio: (1.0, 1.0)
14:30:53.695 [JavaFX Application Thread] DEBUG MainWindow           - Set initial scene to StartupScene
14:30:53.704 [JavaFX Application Thread] DEBUG MainWindow           - Opening main window
14:30:53.821 [JavaFX Application Thread] DEBUG MainWindow           - Window border size: (16.0, 39.0)
14:30:53.821 [JavaFX Application Thread] DEBUG MainWindow           - Scaled size: 800.0 x 600.0
14:30:53.822 [JavaFX Application Thread] DEBUG MainWindow           - Scaled ratio: (1.0, 1.0)
14:30:53.822 [JavaFX Application Thread] DEBUG MainWindow           - Scene size: 800.0 x 600.0
14:30:53.822 [JavaFX Application Thread] DEBUG MainWindow           - Stage size: 816.0 x 639.0
14:30:53.829 [FXGL Background Thread 1 ] DEBUG Engine               - Initializing environment variables
14:30:53.859 [FXGL Background Thread 1 ] DEBUG GameApplicationServi - Applying CSS: fxgl_dark.css
14:30:53.859 [FXGL Background Thread 1 ] DEBUG FXGLAssetLoaderServi - Loading from file system: /assets/ui/css/fxgl_dark.css
14:30:53.918 [FXGL Background Thread 1 ] DEBUG GameApplicationServi - Initializing application scenes
14:30:53.959 [FXGL Background Thread 1 ] DEBUG GameWorld            - Game world initialized
14:30:54.031 [FXGL Background Thread 1 ] DEBUG PhysicsWorld         - Physics world initialized: appHeight=600, physics.ppm=50.0
14:30:54.033 [FXGL Background Thread 1 ] DEBUG GameScene            - Game scene initialized: 800x600
14:30:54.069 [FXGL Background Thread 1 ] DEBUG FXGLAssetLoaderServi - Loading from file system: /assets/textures/particles/trace_horizontal.png
14:30:54.127 [FXGL Background Thread 1 ] DEBUG FXGL.DefaultMenu     - createMenuBodyGameMenu()
14:30:54.148 [FXGL Background Thread 1 ] DEBUG FXGL.DefaultMenu     - createOptionsMenu()
14:30:54.153 [FXGL Background Thread 1 ] DEBUG FXGLAssetLoaderServi - Loading from file system: /assets/textures/particles/smoke.png
14:30:54.223 [FXGL Background Thread 1 ] DEBUG GameApplicationServi - Application scenes initialized
14:30:54.243 [FXGL Background Thread 1 ] DEBUG SystemBundleService  - Loading default FXGL system data
14:30:54.243 [FXGL Background Thread 1 ] DEBUG UpdaterService       - Checking for updates
14:30:54.249 [FXGL Background Thread 4 ] DEBUG FXGLApplication      - Loading fonts
14:30:54.250 [FXGL Background Thread 4 ] DEBUG FXGLAssetLoaderServi - Loading from file system: /assets/ui/fonts/VarelaRound-Regular.ttf
14:30:54.250 [FXGL Background Thread 1 ] DEBUG FXGLApplication      - Loading default localization
14:30:54.250 [FXGL Background Thread 1 ] DEBUG FXGLAssetLoaderServi - Loading from file system: /assets/languages/english.lang
14:30:54.268 [FXGL Background Thread 1 ] INFO  FXGLApplication      - FXGL initialization took: 0.439 sec
14:30:54.269 [JavaFX Application Thread] DEBUG FXGLAssetLoaderServi - Loading from file system: /assets/textures/fxgl_icon.png
14:30:54.300 [JavaFX Application Thread] DEBUG FXGLAssetLoaderServi - Loading from file system: /assets/ui/cursors/fxgl_default.png
14:30:54.322 [JavaFX Application Thread] DEBUG Input                - Registered new binding: Screenshot - P
14:30:54.322 [JavaFX Application Thread] DEBUG Input                - Registered new binding: System info dump - CTRL+9
14:30:54.323 [JavaFX Application Thread] DEBUG Input                - Registered new binding: Restart - CTRL+R
14:30:54.324 [JavaFX Application Thread] DEBUG Input                - Registered new binding: Toggle Debug Camera - CTRL+C
14:30:54.327 [JavaFX Application Thread] DEBUG LoopRunner           - Starting loop
14:30:54.328 [JavaFX Application Thread] DEBUG GameApplicationServi - Starting new game
14:30:54.329 [JavaFX Application Thread] DEBUG Input                - Clearing active input actions
14:30:54.343 [JavaFX Application Thread] DEBUG GameApplicationServi - Removing overlay from StartupScene and adding to FXGLLoadingScene
14:30:54.344 [JavaFX Application Thread] DEBUG MainWindow           - StartupScene -> FXGLLoadingScene
14:30:54.344 [JavaFX Application Thread] DEBUG GameApplicationServi - Clearing previous game
14:30:54.344 [JavaFX Application Thread] DEBUG GameScene            - Clearing game scene
14:30:54.344 [JavaFX Application Thread] DEBUG GameWorld            - Clearing game world
14:30:54.344 [JavaFX Application Thread] DEBUG PhysicsWorld         - Clearing physics world
14:30:54.346 [FXGL Background Thread 1 ] DEBUG FXGLApplication      - Initializing game
14:30:54.347 [FXGL Background Thread 1 ] INFO  FXGLApplication      - Game initialization took: 0.001 sec
14:30:54.390 [JavaFX Application Thread] DEBUG Input                - Clearing active input actions
14:30:54.398 [JavaFX Application Thread] DEBUG GameApplicationServi - Removing overlay from FXGLLoadingScene and adding to GameScene
14:30:54.398 [JavaFX Application Thread] DEBUG MainWindow           - FXGLLoadingScene -> GameScene
14:30:54.887 [FXGL Background Thread 4 ] DEBUG FXGLAssetLoaderServi - Loading from file system: /assets/ui/fonts/Abel-Regular.ttf
14:30:54.890 [FXGL Background Thread 4 ] DEBUG FXGLAssetLoaderServi - Loading from file system: /assets/ui/fonts/lucida_console.ttf
14:30:54.897 [FXGL Background Thread 4 ] DEBUG FXGLAssetLoaderServi - Loading from file system: /assets/ui/fonts/Courier-Prime.ttf
14:30:54.903 [JavaFX Application Thread] DEBUG FXGLApplication      - Registering font factories with UI factory
14:30:55.364 [FXGL Background Thread 2 ] INFO  UpdaterService       - Your current version:  11.12
14:30:55.364 [FXGL Background Thread 2 ] INFO  UpdaterService       - Latest stable version: 17.1
14:30:57.249 [FXGL Background Thread 3 ] DEBUG Engine               - Logging environment variables
14:30:57.249 [FXGL Background Thread 3 ] DEBUG Engine               - achievements: []
14:30:57.250 [FXGL Background Thread 3 ] DEBUG Engine               - actualHeight: 600.0
14:30:57.250 [FXGL Background Thread 3 ] DEBUG Engine               - actualHeightProperty: ReadOnlyDoubleProperty [value: 600.0]
14:30:57.250 [FXGL Background Thread 3 ] DEBUG Engine               - actualWidth: 800.0
14:30:57.250 [FXGL Background Thread 3 ] DEBUG Engine               - actualWidthProperty: ReadOnlyDoubleProperty [value: 800.0]
14:30:57.250 [FXGL Background Thread 3 ] DEBUG Engine               - appIcon: fxgl_icon.png
14:30:57.250 [FXGL Background Thread 3 ] DEBUG Engine               - applicationMode: DEVELOPER
14:30:57.250 [FXGL Background Thread 3 ] DEBUG Engine               - cSSList: [fxgl_dark.css]
14:30:57.250 [FXGL Background Thread 3 ] DEBUG Engine               - configClass: Optional.empty
14:30:57.250 [FXGL Background Thread 3 ] DEBUG Engine               - credits: []
14:30:57.250 [FXGL Background Thread 3 ] DEBUG Engine               - devBBoxColorProperty: ObjectProperty [value: 0xff0000ff]
14:30:57.251 [FXGL Background Thread 3 ] DEBUG Engine               - devEnableDebugCameraProperty: BooleanProperty [value: false]
14:30:57.251 [FXGL Background Thread 3 ] DEBUG Engine               - devSensorColorProperty: ObjectProperty [value: 0xffff00ff]
14:30:57.251 [FXGL Background Thread 3 ] DEBUG Engine               - devShowBBoxProperty: BooleanProperty [value: false]
14:30:57.251 [FXGL Background Thread 3 ] DEBUG Engine               - devShowPositionProperty: BooleanProperty [value: false]
14:30:57.251 [FXGL Background Thread 3 ] DEBUG Engine               - enabledMenuItems: []
14:30:57.251 [FXGL Background Thread 3 ] DEBUG Engine               - engineServices: [class com.almasb.fxgl.app.FXGLApplication$GameApplicationService, class com.almasb.fxgl.app.services.FXGLDialogService, class com.almasb.fxgl.app.services.IOTaskExecutorService, class com.almasb.fxgl.event.EventBusService, class com.almasb.fxgl.io.FileSystemService, class com.almasb.fxgl.localization.LocalizationService, class com.almasb.fxgl.app.services.FXGLAssetLoaderService, class com.almasb.fxgl.app.services.SystemBundleService, class com.almasb.fxgl.profile.SaveLoadService, class com.almasb.fxgl.ui.FXGLUIFactoryServiceProvider, class com.almasb.fxgl.ui.FXGLDialogFactoryServiceProvider, class com.almasb.fxgl.audio.AudioPlayer, class com.almasb.fxgl.notification.impl.NotificationServiceProvider, class com.almasb.fxgl.achievement.AchievementService, class com.almasb.fxgl.cutscene.CutsceneService, class com.almasb.fxgl.minigames.MiniGameService, class com.almasb.fxgl.net.NetService, class com.almasb.fxgl.app.services.UpdaterService, class com.almasb.fxgl.dev.DevService]
14:30:57.251 [FXGL Background Thread 3 ] DEBUG Engine               - fontGame: Abel-Regular.ttf
14:30:57.251 [FXGL Background Thread 3 ] DEBUG Engine               - fontMono: lucida_console.ttf
14:30:57.251 [FXGL Background Thread 3 ] DEBUG Engine               - fontText: Courier-Prime.ttf
14:30:57.251 [FXGL Background Thread 3 ] DEBUG Engine               - fontUI: VarelaRound-Regular.ttf
14:30:57.251 [FXGL Background Thread 3 ] DEBUG Engine               - fullScreen: BooleanProperty [value: false]
14:30:57.251 [FXGL Background Thread 3 ] DEBUG Engine               - gameDifficulty: MEDIUM
14:30:57.252 [FXGL Background Thread 3 ] DEBUG Engine               - gameDifficultyProperty: ObjectProperty [value: MEDIUM]
14:30:57.252 [FXGL Background Thread 3 ] DEBUG Engine               - globalMusicVolume: 0.5
14:30:57.252 [FXGL Background Thread 3 ] DEBUG Engine               - globalMusicVolumeProperty: DoubleProperty [value: 0.5]
14:30:57.252 [FXGL Background Thread 3 ] DEBUG Engine               - globalSoundVolume: 0.5
14:30:57.252 [FXGL Background Thread 3 ] DEBUG Engine               - globalSoundVolumeProperty: DoubleProperty [value: 0.5]
14:30:57.252 [FXGL Background Thread 3 ] DEBUG Engine               - height: 600
14:30:57.252 [FXGL Background Thread 3 ] DEBUG Engine               - isAndroid: false
14:30:57.252 [FXGL Background Thread 3 ] DEBUG Engine               - isBrowser: false
14:30:57.252 [FXGL Background Thread 3 ] DEBUG Engine               - isClickFeedbackEnabled: false
14:30:57.252 [FXGL Background Thread 3 ] DEBUG Engine               - isCloseConfirmation: false
14:30:57.252 [FXGL Background Thread 3 ] DEBUG Engine               - isDesktop: true
14:30:57.253 [FXGL Background Thread 3 ] DEBUG Engine               - isDeveloperMenuEnabled: false
14:30:57.253 [FXGL Background Thread 3 ] DEBUG Engine               - isEntityPreloadEnabled: true
14:30:57.253 [FXGL Background Thread 3 ] DEBUG Engine               - isExperimental3D: false
14:30:57.253 [FXGL Background Thread 3 ] DEBUG Engine               - isExperimentalNative: false
14:30:57.253 [FXGL Background Thread 3 ] DEBUG Engine               - isExperimentalTiledLargeMap: false
14:30:57.253 [FXGL Background Thread 3 ] DEBUG Engine               - isFileSystemWriteAllowed: true
14:30:57.253 [FXGL Background Thread 3 ] DEBUG Engine               - isFullScreenAllowed: false
14:30:57.253 [FXGL Background Thread 3 ] DEBUG Engine               - isFullScreenFromStart: false
14:30:57.253 [FXGL Background Thread 3 ] DEBUG Engine               - isGameMenuEnabled: true
14:30:57.253 [FXGL Background Thread 3 ] DEBUG Engine               - isIOS: false
14:30:57.253 [FXGL Background Thread 3 ] DEBUG Engine               - isIntroEnabled: false
14:30:57.253 [FXGL Background Thread 3 ] DEBUG Engine               - isLinux: false
14:30:57.253 [FXGL Background Thread 3 ] DEBUG Engine               - isMac: false
14:30:57.254 [FXGL Background Thread 3 ] DEBUG Engine               - isMainMenuEnabled: false
14:30:57.254 [FXGL Background Thread 3 ] DEBUG Engine               - isManualResizeEnabled: false
14:30:57.254 [FXGL Background Thread 3 ] DEBUG Engine               - isMobile: false
14:30:57.254 [FXGL Background Thread 3 ] DEBUG Engine               - isPreserveResizeRatio: false
14:30:57.254 [FXGL Background Thread 3 ] DEBUG Engine               - isProfilingEnabled: false
14:30:57.254 [FXGL Background Thread 3 ] DEBUG Engine               - isScaleAffectedOnResize: true
14:30:57.254 [FXGL Background Thread 3 ] DEBUG Engine               - isSingleStep: false
14:30:57.254 [FXGL Background Thread 3 ] DEBUG Engine               - isUserProfileEnabled: false
14:30:57.254 [FXGL Background Thread 3 ] DEBUG Engine               - isWindows: true
14:30:57.254 [FXGL Background Thread 3 ] DEBUG Engine               - language: ObjectProperty [value: ENGLISH]
14:30:57.254 [FXGL Background Thread 3 ] DEBUG Engine               - menuKey: ESCAPE
14:30:57.254 [FXGL Background Thread 3 ] DEBUG Engine               - notificationViewClass: class com.almasb.fxgl.notification.view.XboxNotificationView
14:30:57.254 [FXGL Background Thread 3 ] DEBUG Engine               - pixelsPerMeter: 50.0
14:30:57.255 [FXGL Background Thread 3 ] DEBUG Engine               - platform: WINDOWS
14:30:57.255 [FXGL Background Thread 3 ] DEBUG Engine               - prefHeightProperty: ReadOnlyDoubleProperty [value: 600.0]
14:30:57.255 [FXGL Background Thread 3 ] DEBUG Engine               - prefWidthProperty: ReadOnlyDoubleProperty [value: 800.0]
14:30:57.255 [FXGL Background Thread 3 ] DEBUG Engine               - profileDir: profiles/
14:30:57.255 [FXGL Background Thread 3 ] DEBUG Engine               - profileName: StringProperty [value: DEFAULT]
14:30:57.255 [FXGL Background Thread 3 ] DEBUG Engine               - randomSeed: -1
14:30:57.255 [FXGL Background Thread 3 ] DEBUG Engine               - runtimeInfo: RuntimeInfo(platform=WINDOWS, version=11.12, build=11.12.2020 08.51)
14:30:57.255 [FXGL Background Thread 3 ] DEBUG Engine               - saveFileExt: sav
14:30:57.255 [FXGL Background Thread 3 ] DEBUG Engine               - scaledHeightProp$fxgl: DoubleProperty [bound, value: 600.0]
14:30:57.255 [FXGL Background Thread 3 ] DEBUG Engine               - scaledWidthProp$fxgl: DoubleProperty [bound, value: 800.0]
14:30:57.256 [FXGL Background Thread 3 ] DEBUG Engine               - sceneFactory: com.almasb.fxgl.app.scene.SceneFactory@72666a2f
14:30:57.256 [FXGL Background Thread 3 ] DEBUG Engine               - secondsIn24h: 60
14:30:57.256 [FXGL Background Thread 3 ] DEBUG Engine               - soundMenuBack: menu/back.wav
14:30:57.256 [FXGL Background Thread 3 ] DEBUG Engine               - soundMenuPress: menu/press.wav
14:30:57.256 [FXGL Background Thread 3 ] DEBUG Engine               - soundMenuSelect: menu/select.wav
14:30:57.256 [FXGL Background Thread 3 ] DEBUG Engine               - soundNotification: core/notification.wav
14:30:57.256 [FXGL Background Thread 3 ] DEBUG Engine               - stageStyle: DECORATED
14:30:57.256 [FXGL Background Thread 3 ] DEBUG Engine               - supportedLanguages: [ENGLISH, FRENCH, GERMAN, HUNGARIAN, RUSSIAN]
14:30:57.256 [FXGL Background Thread 3 ] DEBUG Engine               - title: Untitled
14:30:57.256 [FXGL Background Thread 3 ] DEBUG Engine               - urlGithub: https://github.com/AlmasB/FXGL
14:30:57.256 [FXGL Background Thread 3 ] DEBUG Engine               - urlLeaderboard: http://fxgl-top.herokuapp.com/
14:30:57.256 [FXGL Background Thread 3 ] DEBUG Engine               - urlPOM: https://raw.githubusercontent.com/AlmasB/FXGL/master/README.md
14:30:57.256 [FXGL Background Thread 3 ] DEBUG Engine               - version: 0.0
14:30:57.256 [FXGL Background Thread 3 ] DEBUG Engine               - versionCheckDays: 7
14:30:57.256 [FXGL Background Thread 3 ] DEBUG Engine               - width: 800
14:30:57.257 [FXGL Background Thread 3 ] DEBUG Engine               - Logging services
14:30:57.257 [FXGL Background Thread 3 ] DEBUG Engine               - class com.almasb.fxgl.app.FXGLApplication$GameApplicationService
14:30:57.257 [FXGL Background Thread 3 ] DEBUG Engine               - class com.almasb.fxgl.app.services.FXGLDialogService
14:30:57.257 [FXGL Background Thread 3 ] DEBUG Engine               - class com.almasb.fxgl.app.services.IOTaskExecutorService
14:30:57.257 [FXGL Background Thread 3 ] DEBUG Engine               - class com.almasb.fxgl.event.EventBusService
14:30:57.257 [FXGL Background Thread 3 ] DEBUG Engine               - class com.almasb.fxgl.io.FileSystemService
14:30:57.257 [FXGL Background Thread 3 ] DEBUG Engine               - class com.almasb.fxgl.localization.LocalizationService
14:30:57.257 [FXGL Background Thread 3 ] DEBUG Engine               - class com.almasb.fxgl.app.services.FXGLAssetLoaderService
14:30:57.257 [FXGL Background Thread 3 ] DEBUG Engine               - class com.almasb.fxgl.app.services.SystemBundleService
14:30:57.257 [FXGL Background Thread 3 ] DEBUG Engine               - class com.almasb.fxgl.profile.SaveLoadService
14:30:57.257 [FXGL Background Thread 3 ] DEBUG Engine               - class com.almasb.fxgl.ui.FXGLUIFactoryServiceProvider
14:30:57.257 [FXGL Background Thread 3 ] DEBUG Engine               - class com.almasb.fxgl.ui.FXGLDialogFactoryServiceProvider
14:30:57.257 [FXGL Background Thread 3 ] DEBUG Engine               - class com.almasb.fxgl.audio.AudioPlayer
14:30:57.257 [FXGL Background Thread 3 ] DEBUG Engine               - class com.almasb.fxgl.notification.impl.NotificationServiceProvider
14:30:57.257 [FXGL Background Thread 3 ] DEBUG Engine               - class com.almasb.fxgl.achievement.AchievementService
14:30:57.258 [FXGL Background Thread 3 ] DEBUG Engine               - class com.almasb.fxgl.cutscene.CutsceneService
14:30:57.258 [FXGL Background Thread 3 ] DEBUG Engine               - class com.almasb.fxgl.minigames.MiniGameService
14:30:57.258 [FXGL Background Thread 3 ] DEBUG Engine               - class com.almasb.fxgl.net.NetService
14:30:57.258 [FXGL Background Thread 3 ] DEBUG Engine               - class com.almasb.fxgl.app.services.UpdaterService
14:30:57.258 [FXGL Background Thread 3 ] DEBUG Engine               - class com.almasb.fxgl.dev.DevService
14:31:00.446 [JavaFX Application Thread] DEBUG FXGLApplication      - Exiting FXGL
14:31:00.446 [JavaFX Application Thread] DEBUG LoopRunner           - Stopping loop
14:31:00.447 [JavaFX Application Thread] DEBUG SystemBundleService  - Saving FXGL system data
14:31:00.449 [JavaFX Application Thread] DEBUG FileSystemAccess     - Writing to: C:\Users\durnf\Documents\School\CP2561 Java Programming II\FinalProject\Hangman\system\fxgl.bundle
14:31:00.456 [JavaFX Application Thread] DEBUG Async                - Shutting down background threads
14:31:00.456 [JavaFX Application Thread] DEBUG MainWindow           - Closing main window
14:31:00.471 [JavaFX Application Thread] DEBUG Logger               - Closing Logger
